app/build/intermediates/manifest_merge_blame_file/release/processReleaseMainManifest/manifest-merger-blame-release-report.txt
1<?xml version="1.0" encoding="utf-8"?>
2<manifest xmlns:android="http://schemas.android.com/apk/res/android"
3    package="com.railfancopilot.app"
4    android:versionCode="13"
5    android:versionName="2.1.0" >
6
7    <uses-sdk
7-->INJECTED
8        android:minSdkVersion="26"
8-->INJECTED
9        android:targetSdkVersion="36" />
9-->INJECTED
10
11    <!-- Network -->
12    <uses-permission android:name="android.permission.INTERNET" />
12-->src\main\AndroidManifest.xml:5:5-67
12-->src\main\AndroidManifest.xml:5:22-64
13    <uses-permission android:name="android.permission.ACCESS_NETWORK_STATE" />
13-->src\main\AndroidManifest.xml:6:5-79
13-->src\main\AndroidManifest.xml:6:22-76
14
15    <!-- Location -->
16    <uses-permission android:name="android.permission.ACCESS_FINE_LOCATION" />
16-->src\main\AndroidManifest.xml:9:5-79
16-->src\main\AndroidManifest.xml:9:22-76
17    <uses-permission android:name="android.permission.ACCESS_COARSE_LOCATION" />
17-->src\main\AndroidManifest.xml:10:5-81
17-->src\main\AndroidManifest.xml:10:22-78
18    <uses-permission android:name="android.permission.ACCESS_BACKGROUND_LOCATION" />
18-->src\main\AndroidManifest.xml:11:5-85
18-->src\main\AndroidManifest.xml:11:22-82
19
20    <!-- Camera -->
21    <uses-permission android:name="android.permission.CAMERA" />
21-->src\main\AndroidManifest.xml:14:5-65
21-->src\main\AndroidManifest.xml:14:22-62
22
23    <!-- Notifications -->
24    <uses-permission android:name="android.permission.POST_NOTIFICATIONS" />
24-->src\main\AndroidManifest.xml:17:5-77
24-->src\main\AndroidManifest.xml:17:22-74
25    <uses-permission android:name="android.permission.VIBRATE" />
25-->src\main\AndroidManifest.xml:18:5-66
25-->src\main\AndroidManifest.xml:18:22-63
26
27    <!-- Audio (scanner) -->
28    <uses-permission android:name="android.permission.RECORD_AUDIO" />
28-->src\main\AndroidManifest.xml:21:5-71
28-->src\main\AndroidManifest.xml:21:22-68
29
30    <!-- Google Play Billing -->
31    <uses-permission android:name="com.android.vending.BILLING" />
31-->src\main\AndroidManifest.xml:24:5-67
31-->src\main\AndroidManifest.xml:24:22-64
32
33    <!-- Foreground service (scanner, location tracking) -->
34    <uses-permission android:name="android.permission.FOREGROUND_SERVICE" />
34-->src\main\AndroidManifest.xml:27:5-77
34-->src\main\AndroidManifest.xml:27:22-74
35    <uses-permission android:name="android.permission.FOREGROUND_SERVICE_LOCATION" />
35-->src\main\AndroidManifest.xml:28:5-86
35-->src\main\AndroidManifest.xml:28:22-83
36    <uses-permission android:name="android.permission.FOREGROUND_SERVICE_MEDIA_PLAYBACK" />
36-->src\main\AndroidManifest.xml:29:5-92
36-->src\main\AndroidManifest.xml:29:22-89
37
38    <uses-feature
38-->src\main\AndroidManifest.xml:31:5-85
39        android:name="android.hardware.camera"
39-->src\main\AndroidManifest.xml:31:19-57
40        android:required="false" />
40-->src\main\AndroidManifest.xml:31:58-82
41    <uses-feature
41-->src\main\AndroidManifest.xml:32:5-91
42        android:name="android.hardware.location.gps"
42-->src\main\AndroidManifest.xml:32:19-63
43        android:required="false" />
43-->src\main\AndroidManifest.xml:32:64-88
44
45    <queries>
45-->[com.android.billingclient:billing:7.1.1] AndroidManifest.xml:12:5-19:15
46        <intent>
46-->[com.android.billingclient:billing:7.1.1] AndroidManifest.xml:13:9-15:18
47            <action android:name="com.android.vending.billing.InAppBillingService.BIND" />
47-->[com.android.billingclient:billing:7.1.1] AndroidManifest.xml:14:13-91
47-->[com.android.billingclient:billing:7.1.1] AndroidManifest.xml:14:21-88
48        </intent>
49        <intent>
49-->[com.android.billingclient:billing:7.1.1] AndroidManifest.xml:16:9-18:18
50            <action android:name="com.google.android.apps.play.billingtestcompanion.BillingOverrideService.BIND" />
50-->[com.android.billingclient:billing:7.1.1] AndroidManifest.xml:17:13-116
50-->[com.android.billingclient:billing:7.1.1] AndroidManifest.xml:17:21-113
51        </intent>
52        <!-- Needs to be explicitly declared on Android R+ -->
53        <package android:name="com.google.android.apps.maps" />
53-->[com.google.android.gms:play-services-maps:19.2.0] AndroidManifest.xml:29:7-61
53-->[com.google.android.gms:play-services-maps:19.2.0] AndroidManifest.xml:29:16-59
54    </queries>
55
56    <uses-feature
56-->[com.google.android.gms:play-services-maps:19.2.0] AndroidManifest.xml:22:5-24:33
57        android:glEsVersion="0x00020000"
57-->[com.google.android.gms:play-services-maps:19.2.0] AndroidManifest.xml:23:8-40
58        android:required="true" />
58-->[com.google.android.gms:play-services-maps:19.2.0] AndroidManifest.xml:24:8-31
59
60    <permission
60-->[androidx.core:core:1.16.0] AndroidManifest.xml:22:5-24:47
61        android:name="com.railfancopilot.app.DYNAMIC_RECEIVER_NOT_EXPORTED_PERMISSION"
61-->[androidx.core:core:1.16.0] AndroidManifest.xml:23:9-81
62        android:protectionLevel="signature" />
62-->[androidx.core:core:1.16.0] AndroidManifest.xml:24:9-44
63
64    <uses-permission android:name="com.railfancopilot.app.DYNAMIC_RECEIVER_NOT_EXPORTED_PERMISSION" />
64-->[androidx.core:core:1.16.0] AndroidManifest.xml:26:5-97
64-->[androidx.core:core:1.16.0] AndroidManifest.xml:26:22-94
65
66    <application
66-->src\main\AndroidManifest.xml:34:5-81:19
67        android:allowBackup="true"
67-->src\main\AndroidManifest.xml:35:9-35
68        android:appComponentFactory="androidx.core.app.CoreComponentFactory"
68-->[androidx.core:core:1.16.0] AndroidManifest.xml:28:18-86
69        android:extractNativeLibs="false"
69-->INJECTED
70        android:icon="@mipmap/ic_launcher"
70-->src\main\AndroidManifest.xml:37:9-43
71        android:label="RailFan Copilot"
71-->src\main\AndroidManifest.xml:36:9-40
72        android:networkSecurityConfig="@xml/network_security_config"
72-->src\main\AndroidManifest.xml:42:9-69
73        android:roundIcon="@mipmap/ic_launcher_round"
73-->src\main\AndroidManifest.xml:38:9-54
74        android:supportsRtl="true"
74-->src\main\AndroidManifest.xml:39:9-35
75        android:theme="@style/Theme.RailFan"
75-->src\main\AndroidManifest.xml:40:9-45
76        android:usesCleartextTraffic="false" >
76-->src\main\AndroidManifest.xml:41:9-45
77        <meta-data
77-->INJECTED
78            android:name="com.google.android.geo.API_KEY"
78-->src\main\AndroidManifest.xml:45:13-58
79            android:value="AIzaSyA8bmt3IHrL5aWUpOkKSAQJt8fVnsnNWyg" />
79-->INJECTED
80
81        <activity
81-->src\main\AndroidManifest.xml:48:9-57:20
82            android:name="com.railfancopilot.app.MainActivity"
82-->src\main\AndroidManifest.xml:49:13-63
83            android:exported="true"
83-->src\main\AndroidManifest.xml:50:13-36
84            android:theme="@style/Theme.RailFan"
84-->src\main\AndroidManifest.xml:51:13-49
85            android:windowSoftInputMode="adjustResize" >
85-->src\main\AndroidManifest.xml:52:13-55
86            <intent-filter>
86-->src\main\AndroidManifest.xml:53:13-56:29
87                <action android:name="android.intent.action.MAIN" />
87-->src\main\AndroidManifest.xml:54:17-69
87-->src\main\AndroidManifest.xml:54:25-66
88
89                <category android:name="android.intent.category.LAUNCHER" />
89-->src\main\AndroidManifest.xml:55:17-77
89-->src\main\AndroidManifest.xml:55:27-74
90            </intent-filter>
91        </activity>
92
93        <!-- Scanner foreground service -->
94        <service
94-->src\main\AndroidManifest.xml:60:9-63:40
95            android:name="com.railfancopilot.app.data.service.ScannerService"
95-->src\main\AndroidManifest.xml:61:13-78
96            android:exported="false"
96-->src\main\AndroidManifest.xml:63:13-37
97            android:foregroundServiceType="mediaPlayback" />
97-->src\main\AndroidManifest.xml:62:13-58
98        <service
98-->src\main\AndroidManifest.xml:65:9-68:40
99            android:name="com.railfancopilot.app.data.service.LocationTrackingService"
99-->src\main\AndroidManifest.xml:66:13-87
100            android:exported="false"
100-->src\main\AndroidManifest.xml:68:13-37
101            android:foregroundServiceType="location" />
101-->src\main\AndroidManifest.xml:67:13-53
102
103        <!-- FileProvider for sharing photos stored in private filesDir/photos/ -->
104        <provider
104-->INJECTED
105            android:name="androidx.core.content.FileProvider"
105-->src\main\AndroidManifest.xml:72:13-62
106            android:authorities="com.railfancopilot.app.fileprovider"
106-->INJECTED
107            android:exported="false"
107-->src\main\AndroidManifest.xml:74:13-37
108            android:grantUriPermissions="true" >
108-->src\main\AndroidManifest.xml:75:13-47
109            <meta-data
109-->src\main\AndroidManifest.xml:76:13-78:63
110                android:name="android.support.FILE_PROVIDER_PATHS"
110-->src\main\AndroidManifest.xml:77:17-67
111                android:resource="@xml/file_provider_paths" />
111-->src\main\AndroidManifest.xml:78:17-60
112        </provider>
113
114        <meta-data
114-->[com.android.billingclient:billing:7.1.1] AndroidManifest.xml:22:9-24:37
115            android:name="com.google.android.play.billingclient.version"
115-->[com.android.billingclient:billing:7.1.1] AndroidManifest.xml:23:13-73
116            android:value="7.1.1" />
116-->[com.android.billingclient:billing:7.1.1] AndroidManifest.xml:24:13-34
117
118        <activity
118-->[com.android.billingclient:billing:7.1.1] AndroidManifest.xml:26:9-30:75
119            android:name="com.android.billingclient.api.ProxyBillingActivity"
119-->[com.android.billingclient:billing:7.1.1] AndroidManifest.xml:27:13-78
120            android:configChanges="keyboard|keyboardHidden|screenLayout|screenSize|orientation"
120-->[com.android.billingclient:billing:7.1.1] AndroidManifest.xml:28:13-96
121            android:exported="false"
121-->[com.android.billingclient:billing:7.1.1] AndroidManifest.xml:29:13-37
122            android:theme="@android:style/Theme.Translucent.NoTitleBar" />
122-->[com.android.billingclient:billing:7.1.1] AndroidManifest.xml:30:13-72
123        <activity
123-->[com.android.billingclient:billing:7.1.1] AndroidManifest.xml:31:9-35:75
124            android:name="com.android.billingclient.api.ProxyBillingActivityV2"
124-->[com.android.billingclient:billing:7.1.1] AndroidManifest.xml:32:13-80
125            android:configChanges="keyboard|keyboardHidden|screenLayout|screenSize|orientation"
125-->[com.android.billingclient:billing:7.1.1] AndroidManifest.xml:33:13-96
126            android:exported="false"
126-->[com.android.billingclient:billing:7.1.1] AndroidManifest.xml:34:13-37
127            android:theme="@android:style/Theme.Translucent.NoTitleBar" /> <!-- Needs to be explicitly declared on P+ -->
127-->[com.android.billingclient:billing:7.1.1] AndroidManifest.xml:35:13-72
128        <uses-library
128-->[com.google.android.gms:play-services-maps:19.2.0] AndroidManifest.xml:33:7-86
129            android:name="org.apache.http.legacy"
129-->[com.google.android.gms:play-services-maps:19.2.0] AndroidManifest.xml:33:21-58
130            android:required="false" />
130-->[com.google.android.gms:play-services-maps:19.2.0] AndroidManifest.xml:33:59-83
131
132        <activity
132-->[com.google.android.gms:play-services-base:18.5.0] AndroidManifest.xml:5:9-173
133            android:name="com.google.android.gms.common.api.GoogleApiActivity"
133-->[com.google.android.gms:play-services-base:18.5.0] AndroidManifest.xml:5:19-85
134            android:exported="false"
134-->[com.google.android.gms:play-services-base:18.5.0] AndroidManifest.xml:5:146-170
135            android:theme="@android:style/Theme.Translucent.NoTitleBar" />
135-->[com.google.android.gms:play-services-base:18.5.0] AndroidManifest.xml:5:86-145
136
137        <meta-data
137-->[com.google.android.gms:play-services-basement:18.4.0] AndroidManifest.xml:6:9-122
138            android:name="com.google.android.gms.version"
138-->[com.google.android.gms:play-services-basement:18.4.0] AndroidManifest.xml:6:20-65
139            android:value="@integer/google_play_services_version" />
139-->[com.google.android.gms:play-services-basement:18.4.0] AndroidManifest.xml:6:66-119
140
141        <provider
141-->[androidx.emoji2:emoji2:1.3.0] AndroidManifest.xml:24:9-32:20
142            android:name="androidx.startup.InitializationProvider"
142-->[androidx.emoji2:emoji2:1.3.0] AndroidManifest.xml:25:13-67
143            android:authorities="com.railfancopilot.app.androidx-startup"
143-->[androidx.emoji2:emoji2:1.3.0] AndroidManifest.xml:26:13-68
144            android:exported="false" >
144-->[androidx.emoji2:emoji2:1.3.0] AndroidManifest.xml:27:13-37
145            <meta-data
145-->[androidx.emoji2:emoji2:1.3.0] AndroidManifest.xml:29:13-31:52
146                android:name="androidx.emoji2.text.EmojiCompatInitializer"
146-->[androidx.emoji2:emoji2:1.3.0] AndroidManifest.xml:30:17-75
147                android:value="androidx.startup" />
147-->[androidx.emoji2:emoji2:1.3.0] AndroidManifest.xml:31:17-49
148            <meta-data
148-->[androidx.lifecycle:lifecycle-process:2.9.0] AndroidManifest.xml:29:13-31:52
149                android:name="androidx.lifecycle.ProcessLifecycleInitializer"
149-->[androidx.lifecycle:lifecycle-process:2.9.0] AndroidManifest.xml:30:17-78
150                android:value="androidx.startup" />
150-->[androidx.lifecycle:lifecycle-process:2.9.0] AndroidManifest.xml:31:17-49
151            <meta-data
151-->[androidx.profileinstaller:profileinstaller:1.4.0] AndroidManifest.xml:29:13-31:52
152                android:name="androidx.profileinstaller.ProfileInstallerInitializer"
152-->[androidx.profileinstaller:profileinstaller:1.4.0] AndroidManifest.xml:30:17-85
153                android:value="androidx.startup" />
153-->[androidx.profileinstaller:profileinstaller:1.4.0] AndroidManifest.xml:31:17-49
154        </provider>
155
156        <service
156-->[androidx.room:room-runtime-android:2.7.0] AndroidManifest.xml:24:9-28:63
157            android:name="androidx.room.MultiInstanceInvalidationService"
157-->[androidx.room:room-runtime-android:2.7.0] AndroidManifest.xml:25:13-74
158            android:directBootAware="true"
158-->[androidx.room:room-runtime-android:2.7.0] AndroidManifest.xml:26:13-43
159            android:exported="false" />
159-->[androidx.room:room-runtime-android:2.7.0] AndroidManifest.xml:27:13-37
160
161        <receiver
161-->[androidx.profileinstaller:profileinstaller:1.4.0] AndroidManifest.xml:34:9-52:20
162            android:name="androidx.profileinstaller.ProfileInstallReceiver"
162-->[androidx.profileinstaller:profileinstaller:1.4.0] AndroidManifest.xml:35:13-76
163            android:directBootAware="false"
163-->[androidx.profileinstaller:profileinstaller:1.4.0] AndroidManifest.xml:36:13-44
164            android:enabled="true"
164-->[androidx.profileinstaller:profileinstaller:1.4.0] AndroidManifest.xml:37:13-35
165            android:exported="true"
165-->[androidx.profileinstaller:profileinstaller:1.4.0] AndroidManifest.xml:38:13-36
166            android:permission="android.permission.DUMP" >
166-->[androidx.profileinstaller:profileinstaller:1.4.0] AndroidManifest.xml:39:13-57
167            <intent-filter>
167-->[androidx.profileinstaller:profileinstaller:1.4.0] AndroidManifest.xml:40:13-42:29
168                <action android:name="androidx.profileinstaller.action.INSTALL_PROFILE" />
168-->[androidx.profileinstaller:profileinstaller:1.4.0] AndroidManifest.xml:41:17-91
168-->[androidx.profileinstaller:profileinstaller:1.4.0] AndroidManifest.xml:41:25-88
169            </intent-filter>
170            <intent-filter>
170-->[androidx.profileinstaller:profileinstaller:1.4.0] AndroidManifest.xml:43:13-45:29
171                <action android:name="androidx.profileinstaller.action.SKIP_FILE" />
171-->[androidx.profileinstaller:profileinstaller:1.4.0] AndroidManifest.xml:44:17-85
171-->[androidx.profileinstaller:profileinstaller:1.4.0] AndroidManifest.xml:44:25-82
172            </intent-filter>
173            <intent-filter>
173-->[androidx.profileinstaller:profileinstaller:1.4.0] AndroidManifest.xml:46:13-48:29
174                <action android:name="androidx.profileinstaller.action.SAVE_PROFILE" />
174-->[androidx.profileinstaller:profileinstaller:1.4.0] AndroidManifest.xml:47:17-88
174-->[androidx.profileinstaller:profileinstaller:1.4.0] AndroidManifest.xml:47:25-85
175            </intent-filter>
176            <intent-filter>
176-->[androidx.profileinstaller:profileinstaller:1.4.0] AndroidManifest.xml:49:13-51:29
177                <action android:name="androidx.profileinstaller.action.BENCHMARK_OPERATION" />
177-->[androidx.profileinstaller:profileinstaller:1.4.0] AndroidManifest.xml:50:17-95
177-->[androidx.profileinstaller:profileinstaller:1.4.0] AndroidManifest.xml:50:25-92
178            </intent-filter>
179        </receiver>
180
181        <service
181-->[com.google.android.datatransport:transport-backend-cct:3.1.8] AndroidManifest.xml:28:9-34:19
182            android:name="com.google.android.datatransport.runtime.backends.TransportBackendDiscovery"
182-->[com.google.android.datatransport:transport-backend-cct:3.1.8] AndroidManifest.xml:29:13-103
183            android:exported="false" >
183-->[com.google.android.datatransport:transport-backend-cct:3.1.8] AndroidManifest.xml:30:13-37
184            <meta-data
184-->[com.google.android.datatransport:transport-backend-cct:3.1.8] AndroidManifest.xml:31:13-33:39
185                android:name="backend:com.google.android.datatransport.cct.CctBackendFactory"
185-->[com.google.android.datatransport:transport-backend-cct:3.1.8] AndroidManifest.xml:32:17-94
186                android:value="cct" />
186-->[com.google.android.datatransport:transport-backend-cct:3.1.8] AndroidManifest.xml:33:17-36
187        </service>
188        <service
188-->[com.google.android.datatransport:transport-runtime:3.1.8] AndroidManifest.xml:26:9-30:19
189            android:name="com.google.android.datatransport.runtime.scheduling.jobscheduling.JobInfoSchedulerService"
189-->[com.google.android.datatransport:transport-runtime:3.1.8] AndroidManifest.xml:27:13-117
190            android:exported="false"
190-->[com.google.android.datatransport:transport-runtime:3.1.8] AndroidManifest.xml:28:13-37
191            android:permission="android.permission.BIND_JOB_SERVICE" >
191-->[com.google.android.datatransport:transport-runtime:3.1.8] AndroidManifest.xml:29:13-69
192        </service>
193
194        <receiver
194-->[com.google.android.datatransport:transport-runtime:3.1.8] AndroidManifest.xml:32:9-34:40
195            android:name="com.google.android.datatransport.runtime.scheduling.jobscheduling.AlarmManagerSchedulerBroadcastReceiver"
195-->[com.google.android.datatransport:transport-runtime:3.1.8] AndroidManifest.xml:33:13-132
196            android:exported="false" /> <!-- The activities will be merged into the manifest of the hosting app. -->
196-->[com.google.android.datatransport:transport-runtime:3.1.8] AndroidManifest.xml:34:13-37
197        <activity
197-->[com.google.android.play:core-common:2.0.4] AndroidManifest.xml:14:9-18:65
198            android:name="com.google.android.play.core.common.PlayCoreDialogWrapperActivity"
198-->[com.google.android.play:core-common:2.0.4] AndroidManifest.xml:15:13-93
199            android:exported="false"
199-->[com.google.android.play:core-common:2.0.4] AndroidManifest.xml:16:13-37
200            android:stateNotNeeded="true"
200-->[com.google.android.play:core-common:2.0.4] AndroidManifest.xml:17:13-42
201            android:theme="@style/Theme.PlayCore.Transparent" />
201-->[com.google.android.play:core-common:2.0.4] AndroidManifest.xml:18:13-62
202    </application>
203
204</manifest>